#
# A fatal error has been detected by the Java Runtime Environment:
#
#  EXCEPTION_ACCESS_VIOLATION (0xc0000005) at pc=0x00007ffef5e070d9, pid=13252, tid=3448
#
# JRE version: OpenJDK Runtime Environment (14.0.2+12) (build 14.0.2+12-46)
# Java VM: OpenJDK 64-Bit Server VM (14.0.2+12-46, mixed mode, tiered, compressed oops, g1 gc, windows-amd64)
# Problematic frame:
# V  [jvm.dll+0x2070d9]
#
# No core dump will be written. Minidumps are not enabled by default on client versions of Windows
#
# If you would like to submit a bug report, please visit:
#   https://bugreport.java.com/bugreport/crash.jsp
#

---------------  S U M M A R Y ------------

Command Line: -XX:+ShowCodeDetailsInExceptionMessages -agentlib:jdwp=transport=dt_socket,suspend=y,address=localhost:54495 -Dcom.sun.management.jmxremote -Dcom.sun.management.jmxremote.port=54493 -Dcom.sun.management.jmxremote.authenticate=false -Dcom.sun.management.jmxremote.ssl=false -Djava.rmi.server.hostname=localhost -Dspring.jmx.enabled=true -Dspring.application.admin.enabled=true -Xverify:none -XX:TieredStopAtLevel=1 -Dspring.boot.project.name=Ice-Cream -javaagent:C:\Users\vunguyena1\eclipse\java-2020-09\eclipse\configuration\org.eclipse.osgi\215\0\.cp\lib\javaagent-shaded.jar -Dfile.encoding=UTF-8 com.icecream.IceCream.IceCreamApplication

Host: Intel(R) Core(TM) i5-4460  CPU @ 3.20GHz, 4 cores, 7G,  Windows 10 , 64 bit Build 18362 (10.0.18362.1110)
Time: Sat Oct 17 15:41:21 2020 SE Asia Standard Time elapsed time: 31 seconds (0d 0h 0m 31s)

---------------  T H R E A D  ---------------

Current thread (0x0000027532d09000):  VMThread "VM Thread" [stack: 0x000000fea6e00000,0x000000fea6f00000] [id=3448]

Stack: [0x000000fea6e00000,0x000000fea6f00000],  sp=0x000000fea6eff1c0,  free space=1020k
Native frames: (J=compiled Java code, j=interpreted, Vv=VM code, C=native code)
V  [jvm.dll+0x2070d9]
V  [jvm.dll+0x5b1ea0]
V  [jvm.dll+0x5b29bb]
V  [jvm.dll+0x4c2518]
V  [jvm.dll+0x4c60e1]
V  [jvm.dll+0x4c3d6b]
V  [jvm.dll+0x744f4b]
V  [jvm.dll+0x748f77]
V  [jvm.dll+0x749748]
V  [jvm.dll+0x749a3c]
V  [jvm.dll+0x6ffeda]
V  [jvm.dll+0x5f78f6]
C  [ucrtbase.dll+0x210b2]
C  [KERNEL32.DLL+0x17c24]
C  [ntdll.dll+0x6cea1]


siginfo: EXCEPTION_ACCESS_VIOLATION (0xc0000005), reading address 0x0000027539561730


Register to memory mapping:

RIP=0x00007ffef5e070d9 jvm.dll
RAX=0x0000000000200000 is an unknown value
RBX=0x00000275393606e0 is pointing into metadata
RCX=0x0000027539361730 is pointing into metadata
RDX=0x000000000000ffff is an unknown value
RSP=0x000000fea6eff1c0 points into unknown readable memory: 00 00 00 00 00 00 00 00
RBP=0x000000fea6eff2a9 points into unknown readable memory: 00 00 00 fe 7f 00 00
RSI=0x000000000000ffff is an unknown value
RDI=0x000000000000ffff is an unknown value
R8 ={method} {0x0000027539360e50} 'addAccount' '(Lcom/icecream/IceCream/modal/AccountC;)V' in 'com/icecream/IceCream/controller/AccountController'
R9 =0x00000275393606e0 is pointing into metadata
R10=0x0000027533517f50 points into unknown readable memory: 02 00 00 00 1e 00 00 00
R11={method} {0x0000027539360e50} 'addAccount' '(Lcom/icecream/IceCream/modal/AccountC;)V' in 'com/icecream/IceCream/controller/AccountController'
R12=0x0 is NULL
R13=0x000002753632dce8 is pointing into metadata
R14=0x0000027539360e0d is pointing into metadata
R15=0x00007ffef5c00000 jvm.dll


Registers:
RAX=0x0000000000200000, RBX=0x00000275393606e0, RCX=0x0000027539361730, RDX=0x000000000000ffff
RSP=0x000000fea6eff1c0, RBP=0x000000fea6eff2a9, RSI=0x000000000000ffff, RDI=0x000000000000ffff
R8 =0x0000027539360e48, R9 =0x00000275393606e0, R10=0x0000027533517f50, R11=0x0000027539360e48
R12=0x0000000000000000, R13=0x000002753632dce8, R14=0x0000027539360e0d, R15=0x00007ffef5c00000
RIP=0x00007ffef5e070d9, EFLAGS=0x0000000000010206

Top of Stack: (sp=0x000000fea6eff1c0)
0x000000fea6eff1c0:   0000000000000000 0000000000000218
0x000000fea6eff1d0:   0000000000000218 00007ffef61ebe4b
0x000000fea6eff1e0:   0000000000000005 00007ffef61b1ea0
0x000000fea6eff1f0:   00000000000000b6 0000000000000002
0x000000fea6eff200:   000000fea6eff490 0000000000000218
0x000000fea6eff210:   000000fea6eff280 00007ffef5d08d6e
0x000000fea6eff220:   0000027539360e48 0000000000000002
0x000000fea6eff230:   000000fea6eff490 0000000000000218
0x000000fea6eff240:   00000000000000b6 00007ffef61b29bb
0x000000fea6eff250:   00000000000000b6 000000fea6eff2a9
0x000000fea6eff260:   00000000000000b6 000000fea6eff490
0x000000fea6eff270:   0000027539360e48 0000027532d09000
0x000000fea6eff280:   0000027539360e48 0000027532d09000
0x000000fea6eff290:   0000000800000005 000000b600000009
0x000000fea6eff2a0:   0000027534480000 00007ffe000000b6
0x000000fea6eff2b0:   000002753632dcc8 0000027532d09000 

Instructions: (pc=0x00007ffef5e070d9)
0x00007ffef5e06fd9:   cc cc cc cc cc cc cc 48 89 5c 24 08 48 89 74 24
0x00007ffef5e06fe9:   10 57 48 83 ec 30 48 63 da 49 8b f0 48 8b f9 85
0x00007ffef5e06ff9:   d2 79 24 4c 8d 0d fd 78 63 00 ba 99 02 00 00 4c
0x00007ffef5e07009:   8d 05 29 79 63 00 48 8d 0d a2 78 63 00 e8 95 61
0x00007ffef5e07019:   00 00 e8 d0 15 3f 00 48 8b 57 10 48 85 d2 74 0f
0x00007ffef5e07029:   48 8d 43 01 48 c1 e0 05 48 8b 04 10 0f b7 d8 48
0x00007ffef5e07039:   63 c3 48 8d 4c 24 20 4c 8b c7 48 8b d6 8b 5c c7
0x00007ffef5e07049:   40 e8 81 40 e0 ff 0f b7 d3 48 8d 4c 24 20 4c 8b
0x00007ffef5e07059:   ce 41 b0 01 e8 de fb ff ff 48 8d 4c 24 20 48 8b
0x00007ffef5e07069:   d8 e8 31 c5 0f 00 48 8b 74 24 48 48 8b c3 48 8b
0x00007ffef5e07079:   5c 24 40 48 83 c4 30 5f c3 cc cc cc cc cc cc cc
0x00007ffef5e07089:   cc cc cc cc cc cc cc 48 89 5c 24 08 57 48 83 ec
0x00007ffef5e07099:   20 48 63 fa 48 8b d9 85 d2 79 24 4c 8d 0d 55 78
0x00007ffef5e070a9:   63 00 ba 99 02 00 00 4c 8d 05 81 78 63 00 48 8d
0x00007ffef5e070b9:   0d fa 77 63 00 e8 ed 60 00 00 e8 28 15 3f 00 48
0x00007ffef5e070c9:   8b 4b 10 48 85 c9 74 0f 48 8d 47 01 48 c1 e0 05
0x00007ffef5e070d9:   48 8b 04 08 0f b7 f8 48 63 c7 0f b7 4c c3 40 0f
0x00007ffef5e070e9:   b7 44 cb 42 48 8b 44 c3 40 48 8b 5c 24 30 48 83
0x00007ffef5e070f9:   c4 20 5f c3 cc cc cc 48 8b 49 18 48 8b 09 e9 24
0x00007ffef5e07109:   50 00 00 cc cc cc cc 48 8b 49 18 48 8b 09 e9 44
0x00007ffef5e07119:   87 4b 00 cc cc cc cc 4c 8b 41 18 4d 8b 00 e9 44
0x00007ffef5e07129:   02 00 00 cc cc cc cc 48 89 5c 24 18 56 57 41 56
0x00007ffef5e07139:   48 83 ec 20 48 83 3d 3b 13 81 00 00 4c 8b f2 48
0x00007ffef5e07149:   8b f9 74 0f 48 8b d1 48 8d 0d 39 77 63 00 e8 54
0x00007ffef5e07159:   c0 e9 ff 45 33 c0 41 8d 50 08 8d 4a 18 e8 05 b9
0x00007ffef5e07169:   e9 ff 33 db 48 85 c0 74 1b 48 8d 0d 4f 59 60 00
0x00007ffef5e07179:   89 58 08 48 89 08 48 8d 4f 08 48 89 48 18 48 89
0x00007ffef5e07189:   58 10 eb 03 48 8b c3 48 8b d0 49 8b ce e8 d5 d2
0x00007ffef5e07199:   39 00 45 33 c0 41 8d 50 08 8d 4a 18 e8 c6 b8 e9
0x00007ffef5e071a9:   ff 48 85 c0 74 1f 48 8d 0d ba 7b 63 00 c7 40 08
0x00007ffef5e071b9:   02 00 00 00 48 89 08 48 8d 4f 10 48 89 48 18 48
0x00007ffef5e071c9:   89 58 10 eb 03 48 8b c3 48 8b d0 49 8b ce e8 94 


Stack slot to memory mapping:
stack at sp + 0 slots: 0x0 is NULL
stack at sp + 1 slots: 0x0000000000000218 is an unknown value
stack at sp + 2 slots: 0x0000000000000218 is an unknown value
stack at sp + 3 slots: 0x00007ffef61ebe4b jvm.dll
stack at sp + 4 slots: 0x0000000000000005 is an unknown value
stack at sp + 5 slots: 0x00007ffef61b1ea0 jvm.dll
stack at sp + 6 slots: 0x00000000000000b6 is an unknown value
stack at sp + 7 slots: 0x0000000000000002 is an unknown value

VM_Operation (0x000000fea77ff420): RedefineClasses, mode: safepoint, requested by thread 0x0000027533791000, redefining class com.icecream.IceCream.controller.AccountController



---------------  P R O C E S S  ---------------

Threads class SMR info:
_java_thread_list=0x0000027536feb8c0, length=40, elements={
0x0000027532d0a000, 0x0000027532d0b000, 0x0000027533543000, 0x0000027533571800,
0x0000027533573000, 0x0000027533577000, 0x0000027533578800, 0x000002753371e000,
0x0000027533791000, 0x0000027533792800, 0x0000027533794000, 0x0000027533720800,
0x0000027533721000, 0x000002753371d000, 0x000002753371f000, 0x000002753371f800,
0x000002753371b800, 0x0000027533722000, 0x000002753371c800, 0x0000027536508800,
0x0000027536505800, 0x0000027536507000, 0x0000027536509800, 0x0000027536508000,
0x000002753650c000, 0x000002753650a800, 0x0000027536506800, 0x0000027536511800,
0x0000027536512800, 0x000002753650d000, 0x000002753650f000, 0x0000027536510000,
0x0000027536513800, 0x000002753650d800, 0x0000027536511000, 0x0000027536514000,
0x000002753650e800, 0x00000275370ed800, 0x00000275370ea000, 0x00000275370e9000
}

Java Threads: ( => current thread )
  0x0000027532d0a000 JavaThread "Reference Handler" daemon [_thread_blocked, id=13360, stack(0x000000fea6f00000,0x000000fea7000000)]
  0x0000027532d0b000 JavaThread "Finalizer" daemon [_thread_blocked, id=11576, stack(0x000000fea7000000,0x000000fea7100000)]
  0x0000027533543000 JavaThread "Signal Dispatcher" daemon [_thread_blocked, id=6924, stack(0x000000fea7100000,0x000000fea7200000)]
  0x0000027533571800 JavaThread "Attach Listener" daemon [_thread_blocked, id=9400, stack(0x000000fea7200000,0x000000fea7300000)]
  0x0000027533573000 JavaThread "Service Thread" daemon [_thread_blocked, id=13512, stack(0x000000fea7300000,0x000000fea7400000)]
  0x0000027533577000 JavaThread "C1 CompilerThread0" daemon [_thread_blocked, id=11112, stack(0x000000fea7400000,0x000000fea7500000)]
  0x0000027533578800 JavaThread "Sweeper thread" daemon [_thread_blocked, id=7440, stack(0x000000fea7500000,0x000000fea7600000)]
  0x000002753371e000 JavaThread "Common-Cleaner" daemon [_thread_blocked, id=8892, stack(0x000000fea7600000,0x000000fea7700000)]
  0x0000027533791000 JavaThread "JDWP Transport Listener: dt_socket" daemon [_thread_blocked, id=2816, stack(0x000000fea7700000,0x000000fea7800000)]
  0x0000027533792800 JavaThread "JDWP Event Helper Thread" daemon [_thread_blocked, id=13232, stack(0x000000fea7800000,0x000000fea7900000)]
  0x0000027533794000 JavaThread "JDWP Command Reader" daemon [_thread_in_native, id=8924, stack(0x000000fea7900000,0x000000fea7a00000)]
  0x0000027533720800 JavaThread "Notification Thread" daemon [_thread_blocked, id=2256, stack(0x000000fea7a00000,0x000000fea7b00000)]
  0x0000027533721000 JavaThread "RMI TCP Accept-0" daemon [_thread_in_native, id=4964, stack(0x000000fea7e00000,0x000000fea7f00000)]
  0x000002753371d000 JavaThread "RMI TCP Accept-54493" daemon [_thread_in_native, id=14060, stack(0x000000fea7f00000,0x000000fea8000000)]
  0x000002753371f000 JavaThread "RMI TCP Accept-0" daemon [_thread_in_native, id=13228, stack(0x000000fea8000000,0x000000fea8100000)]
  0x000002753371f800 JavaThread "RMI TCP Connection(idle)" daemon [_thread_blocked, id=14328, stack(0x000000fea8200000,0x000000fea8300000)]
  0x000002753371b800 JavaThread "RMI Scheduler(0)" daemon [_thread_blocked, id=13156, stack(0x000000fea8300000,0x000000fea8400000)]
  0x0000027533722000 JavaThread "RMI TCP Connection(idle)" daemon [_thread_blocked, id=6744, stack(0x000000fea8400000,0x000000fea8500000)]
  0x000002753371c800 JavaThread "JMX server connection timeout 23" daemon [_thread_blocked, id=13220, stack(0x000000fea8500000,0x000000fea8600000)]
  0x0000027536508800 JavaThread "Catalina-utility-1" [_thread_blocked, id=5920, stack(0x000000fea8600000,0x000000fea8700000)]
  0x0000027536505800 JavaThread "Catalina-utility-2" [_thread_blocked, id=124, stack(0x000000fea8800000,0x000000fea8900000)]
  0x0000027536507000 JavaThread "container-0" [_thread_blocked, id=8060, stack(0x000000fea8900000,0x000000fea8a00000)]
  0x0000027536509800 JavaThread "mysql-cj-abandoned-connection-cleanup" daemon [_thread_blocked, id=10524, stack(0x000000fea8a00000,0x000000fea8b00000)]
  0x0000027536508000 JavaThread "task-1" [_thread_blocked, id=128, stack(0x000000fea8b00000,0x000000fea8c00000)]
  0x000002753650c000 JavaThread "HikariPool-1 housekeeper" daemon [_thread_blocked, id=2244, stack(0x000000fea8d00000,0x000000fea8e00000)]
  0x000002753650a800 JavaThread "task-2" [_thread_blocked, id=1844, stack(0x000000fea8f00000,0x000000fea9000000)]
  0x0000027536506800 JavaThread "http-nio-8900-BlockPoller" daemon [_thread_blocked, id=14148, stack(0x000000fea9100000,0x000000fea9200000)]
  0x0000027536511800 JavaThread "http-nio-8900-exec-1" daemon [_thread_blocked, id=2740, stack(0x000000fea9200000,0x000000fea9300000)]
  0x0000027536512800 JavaThread "http-nio-8900-exec-2" daemon [_thread_blocked, id=12952, stack(0x000000fea9300000,0x000000fea9400000)]
  0x000002753650d000 JavaThread "http-nio-8900-exec-3" daemon [_thread_blocked, id=5692, stack(0x000000fea9400000,0x000000fea9500000)]
  0x000002753650f000 JavaThread "http-nio-8900-exec-4" daemon [_thread_blocked, id=12568, stack(0x000000fea9500000,0x000000fea9600000)]
  0x0000027536510000 JavaThread "http-nio-8900-exec-5" daemon [_thread_blocked, id=9780, stack(0x000000fea9600000,0x000000fea9700000)]
  0x0000027536513800 JavaThread "http-nio-8900-exec-6" daemon [_thread_blocked, id=13664, stack(0x000000fea9700000,0x000000fea9800000)]
  0x000002753650d800 JavaThread "http-nio-8900-exec-7" daemon [_thread_blocked, id=8688, stack(0x000000fea9800000,0x000000fea9900000)]
  0x0000027536511000 JavaThread "http-nio-8900-exec-8" daemon [_thread_blocked, id=7684, stack(0x000000fea9900000,0x000000fea9a00000)]
  0x0000027536514000 JavaThread "http-nio-8900-exec-9" daemon [_thread_blocked, id=5580, stack(0x000000fea9a00000,0x000000fea9b00000)]
  0x000002753650e800 JavaThread "http-nio-8900-exec-10" daemon [_thread_blocked, id=10760, stack(0x000000fea9b00000,0x000000fea9c00000)]
  0x00000275370ed800 JavaThread "http-nio-8900-ClientPoller" daemon [_thread_blocked, id=9092, stack(0x000000fea9c00000,0x000000fea9d00000)]
  0x00000275370ea000 JavaThread "http-nio-8900-Acceptor" daemon [_thread_in_native, id=14240, stack(0x000000fea9d00000,0x000000fea9e00000)]
  0x00000275370e9000 JavaThread "DestroyJavaVM" [_thread_blocked, id=12448, stack(0x000000fea6800000,0x000000fea6900000)]

Other Threads:
=>0x0000027532d09000 VMThread "VM Thread" [stack: 0x000000fea6e00000,0x000000fea6f00000] [id=3448]
  0x0000027533f4d000 WatcherThread [stack: 0x000000fea8100000,0x000000fea8200000] [id=8272]
  0x000002751903a800 GCTaskThread "GC Thread#0" [stack: 0x000000fea6900000,0x000000fea6a00000] [id=12324]
  0x0000027533d4c000 GCTaskThread "GC Thread#1" [stack: 0x000000fea7b00000,0x000000fea7c00000] [id=7456]
  0x0000027533d4e000 GCTaskThread "GC Thread#2" [stack: 0x000000fea7c00000,0x000000fea7d00000] [id=8968]
  0x0000027533d4f800 GCTaskThread "GC Thread#3" [stack: 0x000000fea8700000,0x000000fea8800000] [id=13204]
  0x000002751904d800 ConcurrentGCThread "G1 Main Marker" [stack: 0x000000fea6a00000,0x000000fea6b00000] [id=8256]
  0x0000027519050000 ConcurrentGCThread "G1 Conc#0" [stack: 0x000000fea6b00000,0x000000fea6c00000] [id=11804]
  0x0000027532b60800 ConcurrentGCThread "G1 Refine#0" [stack: 0x000000fea6c00000,0x000000fea6d00000] [id=13288]
  0x0000027533ec7000 ConcurrentGCThread "G1 Refine#1" [stack: 0x000000fea7d00000,0x000000fea7e00000] [id=14084]
  0x0000027532b62800 ConcurrentGCThread "G1 Young RemSet Sampling" [stack: 0x000000fea6d00000,0x000000fea6e00000] [id=1972]

Threads with active compile tasks:

VM state:at safepoint (normal execution)

VM Mutex/Monitor currently owned by a thread:  ([mutex/lock_event])
[0x0000027518ff39b0] Threads_lock - owner thread: 0x0000027532d09000

Heap address: 0x0000000081600000, size: 2026 MB, Compressed Oops mode: 32-bit
Narrow klass base: 0x0000000000000000, Narrow klass shift: 3
Compressed class space size: 1073741824 Address: 0x0000000100000000

Heap:
 garbage-first heap   total 114688K, used 44646K [0x0000000081600000, 0x0000000100000000)
  region size 1024K, 14 young (14336K), 4 survivors (4096K)
 Metaspace       used 63974K, capacity 65728K, committed 65792K, reserved 1105920K
  class space    used 8257K, capacity 8906K, committed 8960K, reserved 1048576K
Heap Regions: E=young(eden), S=young(survivor), O=old, HS=humongous(starts), HC=humongous(continues), CS=collection set, F=free, OA=open archive, CA=closed archive, TAMS=top-at-mark-start (previous, next)
|   0|0x0000000081600000, 0x0000000081700000, 0x0000000081700000|100%|HS|  |TAMS 0x0000000081700000, 0x0000000081600000| Complete 
|   1|0x0000000081700000, 0x0000000081800000, 0x0000000081800000|100%| O|  |TAMS 0x0000000081800000, 0x0000000081700000| Untracked 
|   2|0x0000000081800000, 0x0000000081900000, 0x0000000081900000|100%| O|  |TAMS 0x0000000081900000, 0x0000000081800000| Untracked 
|   3|0x0000000081900000, 0x0000000081a00000, 0x0000000081a00000|100%| O|  |TAMS 0x0000000081a00000, 0x0000000081900000| Untracked 
|   4|0x0000000081a00000, 0x0000000081b00000, 0x0000000081b00000|100%| O|  |TAMS 0x0000000081b00000, 0x0000000081a00000| Untracked 
|   5|0x0000000081b00000, 0x0000000081bfc600, 0x0000000081c00000| 98%| O|  |TAMS 0x0000000081bfc600, 0x0000000081b00000| Untracked 
|   6|0x0000000081c00000, 0x0000000081d00000, 0x0000000081d00000|100%| O|  |TAMS 0x0000000081d00000, 0x0000000081c00000| Untracked 
|   7|0x0000000081d00000, 0x0000000081e00000, 0x0000000081e00000|100%| O|  |TAMS 0x0000000081e00000, 0x0000000081d00000| Untracked 
|   8|0x0000000081e00000, 0x0000000081f00000, 0x0000000081f00000|100%| O|  |TAMS 0x0000000081f00000, 0x0000000081e00000| Untracked 
|   9|0x0000000081f00000, 0x0000000082000000, 0x0000000082000000|100%| O|  |TAMS 0x0000000082000000, 0x0000000081f00000| Untracked 
|  10|0x0000000082000000, 0x0000000082100000, 0x0000000082100000|100%| O|  |TAMS 0x0000000082100000, 0x0000000082000000| Untracked 
|  11|0x0000000082100000, 0x0000000082200000, 0x0000000082200000|100%| O|  |TAMS 0x0000000082200000, 0x0000000082100000| Untracked 
|  12|0x0000000082200000, 0x000000008224aa00, 0x0000000082300000| 29%| O|  |TAMS 0x000000008224aa00, 0x0000000082200000| Untracked 
|  13|0x0000000082300000, 0x0000000082400000, 0x0000000082400000|100%| O|  |TAMS 0x0000000082400000, 0x0000000082300000| Untracked 
|  14|0x0000000082400000, 0x0000000082500000, 0x0000000082500000|100%| O|  |TAMS 0x0000000082500000, 0x0000000082400000| Untracked 
|  15|0x0000000082500000, 0x0000000082600000, 0x0000000082600000|100%| O|  |TAMS 0x0000000082600000, 0x0000000082500000| Untracked 
|  16|0x0000000082600000, 0x0000000082700000, 0x0000000082700000|100%| O|  |TAMS 0x0000000082700000, 0x0000000082600000| Untracked 
|  17|0x0000000082700000, 0x0000000082800000, 0x0000000082800000|100%| O|  |TAMS 0x0000000082800000, 0x0000000082700000| Untracked 
|  18|0x0000000082800000, 0x0000000082900000, 0x0000000082900000|100%| O|  |TAMS 0x0000000082900000, 0x0000000082800000| Untracked 
|  19|0x0000000082900000, 0x0000000082a00000, 0x0000000082a00000|100%| O|  |TAMS 0x0000000082a00000, 0x0000000082900000| Untracked 
|  20|0x0000000082a00000, 0x0000000082b00000, 0x0000000082b00000|100%| O|  |TAMS 0x0000000082b00000, 0x0000000082a00000| Untracked 
|  21|0x0000000082b00000, 0x0000000082c00000, 0x0000000082c00000|100%| O|  |TAMS 0x0000000082c00000, 0x0000000082b00000| Untracked 
|  22|0x0000000082c00000, 0x0000000082d00000, 0x0000000082d00000|100%| O|  |TAMS 0x0000000082d00000, 0x0000000082c00000| Untracked 
|  23|0x0000000082d00000, 0x0000000082e00000, 0x0000000082e00000|100%| O|  |TAMS 0x0000000082e00000, 0x0000000082d00000| Untracked 
|  24|0x0000000082e00000, 0x0000000082f00000, 0x0000000082f00000|100%| O|  |TAMS 0x0000000082f00000, 0x0000000082e00000| Untracked 
|  25|0x0000000082f00000, 0x0000000083000000, 0x0000000083000000|100%| O|  |TAMS 0x0000000082fe6e00, 0x0000000082f00000| Untracked 
|  26|0x0000000083000000, 0x0000000083100000, 0x0000000083100000|100%| O|  |TAMS 0x0000000083000000, 0x0000000083000000| Untracked 
|  27|0x0000000083100000, 0x0000000083200000, 0x0000000083200000|100%| O|  |TAMS 0x0000000083100000, 0x0000000083100000| Untracked 
|  28|0x0000000083200000, 0x0000000083300000, 0x0000000083300000|100%| O|  |TAMS 0x0000000083200000, 0x0000000083200000| Untracked 
|  29|0x0000000083300000, 0x0000000083400000, 0x0000000083400000|100%| O|  |TAMS 0x0000000083300000, 0x0000000083300000| Untracked 
|  30|0x0000000083400000, 0x0000000083500000, 0x0000000083500000|100%| O|  |TAMS 0x0000000083400000, 0x0000000083400000| Untracked 
|  31|0x0000000083500000, 0x0000000083552a00, 0x0000000083600000| 32%| O|  |TAMS 0x0000000083500000, 0x0000000083500000| Untracked 
|  32|0x0000000083600000, 0x0000000083600000, 0x0000000083700000|  0%| F|  |TAMS 0x0000000083600000, 0x0000000083600000| Untracked 
|  33|0x0000000083700000, 0x0000000083700000, 0x0000000083800000|  0%| F|  |TAMS 0x0000000083700000, 0x0000000083700000| Untracked 
|  34|0x0000000083800000, 0x0000000083800000, 0x0000000083900000|  0%| F|  |TAMS 0x0000000083800000, 0x0000000083800000| Untracked 
|  35|0x0000000083900000, 0x0000000083900000, 0x0000000083a00000|  0%| F|  |TAMS 0x0000000083900000, 0x0000000083900000| Untracked 
|  36|0x0000000083a00000, 0x0000000083a00000, 0x0000000083b00000|  0%| F|  |TAMS 0x0000000083a00000, 0x0000000083a00000| Untracked 
|  37|0x0000000083b00000, 0x0000000083b00000, 0x0000000083c00000|  0%| F|  |TAMS 0x0000000083b00000, 0x0000000083b00000| Untracked 
|  38|0x0000000083c00000, 0x0000000083c00000, 0x0000000083d00000|  0%| F|  |TAMS 0x0000000083c00000, 0x0000000083c00000| Untracked 
|  39|0x0000000083d00000, 0x0000000083d00000, 0x0000000083e00000|  0%| F|  |TAMS 0x0000000083d00000, 0x0000000083d00000| Untracked 
|  40|0x0000000083e00000, 0x0000000083e00000, 0x0000000083f00000|  0%| F|  |TAMS 0x0000000083e00000, 0x0000000083e00000| Untracked 
|  41|0x0000000083f00000, 0x0000000083f00000, 0x0000000084000000|  0%| F|  |TAMS 0x0000000083f00000, 0x0000000083f00000| Untracked 
|  42|0x0000000084000000, 0x0000000084000000, 0x0000000084100000|  0%| F|  |TAMS 0x0000000084000000, 0x0000000084000000| Untracked 
|  43|0x0000000084100000, 0x0000000084100000, 0x0000000084200000|  0%| F|  |TAMS 0x0000000084100000, 0x0000000084100000| Untracked 
|  44|0x0000000084200000, 0x0000000084200000, 0x0000000084300000|  0%| F|  |TAMS 0x0000000084200000, 0x0000000084200000| Untracked 
|  45|0x0000000084300000, 0x0000000084300000, 0x0000000084400000|  0%| F|  |TAMS 0x0000000084300000, 0x0000000084300000| Untracked 
|  46|0x0000000084400000, 0x0000000084400000, 0x0000000084500000|  0%| F|  |TAMS 0x0000000084400000, 0x0000000084400000| Untracked 
|  47|0x0000000084500000, 0x0000000084500000, 0x0000000084600000|  0%| F|  |TAMS 0x0000000084500000, 0x0000000084500000| Untracked 
|  48|0x0000000084600000, 0x0000000084600000, 0x0000000084700000|  0%| F|  |TAMS 0x0000000084600000, 0x0000000084600000| Untracked 
|  49|0x0000000084700000, 0x0000000084700000, 0x0000000084800000|  0%| F|  |TAMS 0x0000000084700000, 0x0000000084700000| Untracked 
|  50|0x0000000084800000, 0x0000000084800000, 0x0000000084900000|  0%| F|  |TAMS 0x0000000084800000, 0x0000000084800000| Untracked 
|  51|0x0000000084900000, 0x0000000084900000, 0x0000000084a00000|  0%| F|  |TAMS 0x0000000084900000, 0x0000000084900000| Untracked 
|  52|0x0000000084a00000, 0x0000000084b00000, 0x0000000084b00000|100%| S|CS|TAMS 0x0000000084a00000, 0x0000000084a00000| Complete 
|  53|0x0000000084b00000, 0x0000000084c00000, 0x0000000084c00000|100%| S|CS|TAMS 0x0000000084b00000, 0x0000000084b00000| Complete 
|  54|0x0000000084c00000, 0x0000000084d00000, 0x0000000084d00000|100%| S|CS|TAMS 0x0000000084c00000, 0x0000000084c00000| Complete 
|  55|0x0000000084d00000, 0x0000000084e00000, 0x0000000084e00000|100%| S|CS|TAMS 0x0000000084d00000, 0x0000000084d00000| Complete 
|  56|0x0000000084e00000, 0x0000000084e00000, 0x0000000084f00000|  0%| F|  |TAMS 0x0000000084e00000, 0x0000000084e00000| Untracked 
|  57|0x0000000084f00000, 0x0000000084f00000, 0x0000000085000000|  0%| F|  |TAMS 0x0000000084f00000, 0x0000000084f00000| Untracked 
|  58|0x0000000085000000, 0x0000000085000000, 0x0000000085100000|  0%| F|  |TAMS 0x0000000085000000, 0x0000000085000000| Untracked 
|  59|0x0000000085100000, 0x0000000085100000, 0x0000000085200000|  0%| F|  |TAMS 0x0000000085100000, 0x0000000085100000| Untracked 
|  60|0x0000000085200000, 0x0000000085200000, 0x0000000085300000|  0%| F|  |TAMS 0x0000000085200000, 0x0000000085200000| Untracked 
|  61|0x0000000085300000, 0x0000000085300000, 0x0000000085400000|  0%| F|  |TAMS 0x0000000085300000, 0x0000000085300000| Untracked 
|  62|0x0000000085400000, 0x0000000085400000, 0x0000000085500000|  0%| F|  |TAMS 0x0000000085400000, 0x0000000085400000| Untracked 
|  63|0x0000000085500000, 0x0000000085500000, 0x0000000085600000|  0%| F|  |TAMS 0x0000000085500000, 0x0000000085500000| Untracked 
|  64|0x0000000085600000, 0x0000000085600000, 0x0000000085700000|  0%| F|  |TAMS 0x0000000085600000, 0x0000000085600000| Untracked 
|  65|0x0000000085700000, 0x0000000085700000, 0x0000000085800000|  0%| F|  |TAMS 0x0000000085700000, 0x0000000085700000| Untracked 
|  66|0x0000000085800000, 0x0000000085800000, 0x0000000085900000|  0%| F|  |TAMS 0x0000000085800000, 0x0000000085800000| Untracked 
|  67|0x0000000085900000, 0x0000000085900000, 0x0000000085a00000|  0%| F|  |TAMS 0x0000000085900000, 0x0000000085900000| Untracked 
|  68|0x0000000085a00000, 0x0000000085a00000, 0x0000000085b00000|  0%| F|  |TAMS 0x0000000085a00000, 0x0000000085a00000| Untracked 
|  69|0x0000000085b00000, 0x0000000085b00000, 0x0000000085c00000|  0%| F|  |TAMS 0x0000000085b00000, 0x0000000085b00000| Untracked 
|  70|0x0000000085c00000, 0x0000000085c00000, 0x0000000085d00000|  0%| F|  |TAMS 0x0000000085c00000, 0x0000000085c00000| Untracked 
|  71|0x0000000085d00000, 0x0000000085d00000, 0x0000000085e00000|  0%| F|  |TAMS 0x0000000085d00000, 0x0000000085d00000| Untracked 
|  72|0x0000000085e00000, 0x0000000085e00000, 0x0000000085f00000|  0%| F|  |TAMS 0x0000000085e00000, 0x0000000085e00000| Untracked 
|  73|0x0000000085f00000, 0x0000000085f00000, 0x0000000086000000|  0%| F|  |TAMS 0x0000000085f00000, 0x0000000085f00000| Untracked 
|  74|0x0000000086000000, 0x0000000086000000, 0x0000000086100000|  0%| F|  |TAMS 0x0000000086000000, 0x0000000086000000| Untracked 
|  75|0x0000000086100000, 0x0000000086100000, 0x0000000086200000|  0%| F|  |TAMS 0x0000000086100000, 0x0000000086100000| Untracked 
|  76|0x0000000086200000, 0x0000000086200000, 0x0000000086300000|  0%| F|  |TAMS 0x0000000086200000, 0x0000000086200000| Untracked 
|  77|0x0000000086300000, 0x0000000086300000, 0x0000000086400000|  0%| F|  |TAMS 0x0000000086300000, 0x0000000086300000| Untracked 
|  78|0x0000000086400000, 0x0000000086400000, 0x0000000086500000|  0%| F|  |TAMS 0x0000000086400000, 0x0000000086400000| Untracked 
|  79|0x0000000086500000, 0x0000000086500000, 0x0000000086600000|  0%| F|  |TAMS 0x0000000086500000, 0x0000000086500000| Untracked 
|  80|0x0000000086600000, 0x0000000086600000, 0x0000000086700000|  0%| F|  |TAMS 0x0000000086600000, 0x0000000086600000| Untracked 
|  81|0x0000000086700000, 0x0000000086700000, 0x0000000086800000|  0%| F|  |TAMS 0x0000000086700000, 0x0000000086700000| Untracked 
|  82|0x0000000086800000, 0x0000000086800000, 0x0000000086900000|  0%| F|  |TAMS 0x0000000086800000, 0x0000000086800000| Untracked 
|  83|0x0000000086900000, 0x0000000086900000, 0x0000000086a00000|  0%| F|  |TAMS 0x0000000086900000, 0x0000000086900000| Untracked 
|  84|0x0000000086a00000, 0x0000000086a00000, 0x0000000086b00000|  0%| F|  |TAMS 0x0000000086a00000, 0x0000000086a00000| Untracked 
|  85|0x0000000086b00000, 0x0000000086b00000, 0x0000000086c00000|  0%| F|  |TAMS 0x0000000086b00000, 0x0000000086b00000| Untracked 
|  86|0x0000000086c00000, 0x0000000086c00000, 0x0000000086d00000|  0%| F|  |TAMS 0x0000000086c00000, 0x0000000086c00000| Untracked 
|  87|0x0000000086d00000, 0x0000000086d00000, 0x0000000086e00000|  0%| F|  |TAMS 0x0000000086d00000, 0x0000000086d00000| Untracked 
|  88|0x0000000086e00000, 0x0000000086e00000, 0x0000000086f00000|  0%| F|  |TAMS 0x0000000086e00000, 0x0000000086e00000| Untracked 
|  89|0x0000000086f00000, 0x0000000086f00000, 0x0000000087000000|  0%| F|  |TAMS 0x0000000086f00000, 0x0000000086f00000| Untracked 
|  90|0x0000000087000000, 0x0000000087000000, 0x0000000087100000|  0%| F|  |TAMS 0x0000000087000000, 0x0000000087000000| Untracked 
|  91|0x0000000087100000, 0x0000000087100000, 0x0000000087200000|  0%| F|  |TAMS 0x0000000087100000, 0x0000000087100000| Untracked 
|  92|0x0000000087200000, 0x0000000087200000, 0x0000000087300000|  0%| F|  |TAMS 0x0000000087200000, 0x0000000087200000| Untracked 
|  93|0x0000000087300000, 0x0000000087300000, 0x0000000087400000|  0%| F|  |TAMS 0x0000000087300000, 0x0000000087300000| Untracked 
|  94|0x0000000087400000, 0x0000000087400000, 0x0000000087500000|  0%| F|  |TAMS 0x0000000087400000, 0x0000000087400000| Untracked 
|  95|0x0000000087500000, 0x0000000087500000, 0x0000000087600000|  0%| F|  |TAMS 0x0000000087500000, 0x0000000087500000| Untracked 
|  96|0x0000000087600000, 0x0000000087600000, 0x0000000087700000|  0%| F|  |TAMS 0x0000000087600000, 0x0000000087600000| Untracked 
|  97|0x0000000087700000, 0x0000000087700000, 0x0000000087800000|  0%| F|  |TAMS 0x0000000087700000, 0x0000000087700000| Untracked 
|  98|0x0000000087800000, 0x0000000087800000, 0x0000000087900000|  0%| F|  |TAMS 0x0000000087800000, 0x0000000087800000| Untracked 
|  99|0x0000000087900000, 0x0000000087900000, 0x0000000087a00000|  0%| F|  |TAMS 0x0000000087900000, 0x0000000087900000| Untracked 
| 100|0x0000000087a00000, 0x0000000087a00000, 0x0000000087b00000|  0%| F|  |TAMS 0x0000000087a00000, 0x0000000087a00000| Untracked 
| 101|0x0000000087b00000, 0x0000000087b00000, 0x0000000087c00000|  0%| F|  |TAMS 0x0000000087b00000, 0x0000000087b00000| Untracked 
| 102|0x0000000087c00000, 0x0000000087c80800, 0x0000000087d00000| 50%| E|  |TAMS 0x0000000087c00000, 0x0000000087c00000| Complete 
| 103|0x0000000087d00000, 0x0000000087e00000, 0x0000000087e00000|100%| E|CS|TAMS 0x0000000087d00000, 0x0000000087d00000| Complete 
| 104|0x0000000087e00000, 0x0000000087f00000, 0x0000000087f00000|100%| E|CS|TAMS 0x0000000087e00000, 0x0000000087e00000| Complete 
| 105|0x0000000087f00000, 0x0000000088000000, 0x0000000088000000|100%| E|CS|TAMS 0x0000000087f00000, 0x0000000087f00000| Complete 
| 106|0x0000000088000000, 0x0000000088100000, 0x0000000088100000|100%| E|CS|TAMS 0x0000000088000000, 0x0000000088000000| Complete 
| 107|0x0000000088100000, 0x0000000088200000, 0x0000000088200000|100%| E|CS|TAMS 0x0000000088100000, 0x0000000088100000| Complete 
| 108|0x0000000088200000, 0x0000000088300000, 0x0000000088300000|100%| E|CS|TAMS 0x0000000088200000, 0x0000000088200000| Complete 
| 125|0x0000000089300000, 0x0000000089400000, 0x0000000089400000|100%| E|CS|TAMS 0x0000000089300000, 0x0000000089300000| Complete 
| 126|0x0000000089400000, 0x0000000089500000, 0x0000000089500000|100%| E|CS|TAMS 0x0000000089400000, 0x0000000089400000| Complete 
| 127|0x0000000089500000, 0x0000000089600000, 0x0000000089600000|100%| E|CS|TAMS 0x0000000089500000, 0x0000000089500000| Complete 

Card table byte_map: [0x000002752c080000,0x000002752c480000] _byte_map_base: 0x000002752bc75000

Marking Bits (Prev, Next): (CMBitMap*) 0x000002751903b3e8, (CMBitMap*) 0x000002751903b3a8
 Prev Bits: [0x000002752e830000, 0x00000275307d8000)
 Next Bits: [0x000002752c880000, 0x000002752e828000)

Polling page: 0x0000027516780000

Metaspace:

Usage:
  Non-class:     55.49 MB capacity,    54.41 MB ( 98%) used,   893.95 KB (  2%) free+waste,   211.06 KB ( <1%) overhead. 
      Class:      8.70 MB capacity,     8.06 MB ( 93%) used,   548.64 KB (  6%) free+waste,    99.81 KB (  1%) overhead. 
       Both:     64.19 MB capacity,    62.48 MB ( 97%) used,     1.41 MB (  2%) free+waste,   310.88 KB ( <1%) overhead. 

Virtual space:
  Non-class space:       56.00 MB reserved,      55.50 MB (>99%) committed 
      Class space:        1.00 GB reserved,       8.75 MB ( <1%) committed 
             Both:        1.05 GB reserved,      64.25 MB (  6%) committed 

Chunk freelists:
   Non-Class:  10.00 KB
       Class:  22.00 KB
        Both:  32.00 KB

MaxMetaspaceSize: 17179869184.00 GB
CompressedClassSpaceSize: 1.00 GB

CodeHeap 'non-profiled nmethods': size=238912Kb used=9990Kb max_used=9990Kb free=228921Kb
 bounds [0x000002751d330000, 0x000002751dd00000, 0x000002752bc80000]
CodeHeap 'non-nmethods': size=6848Kb used=1414Kb max_used=1414Kb free=5434Kb
 bounds [0x000002751cc80000, 0x000002751cef0000, 0x000002751d330000]
 total_blobs=6402 nmethods=5772 adapters=556
 compilation: enabled
              stopped_count=0, restarted_count=0
 full_count=0

Compilation events (20 events):
Event: 19.917 Thread 0x0000027533577000 5762       1       org.apache.tomcat.util.buf.MessageBytes::equalsIgnoreCase (78 bytes)
Event: 19.917 Thread 0x0000027533577000 nmethod 5762 0x000002751dcecd90 code [0x000002751dcecf40, 0x000002751dced128]
Event: 19.918 Thread 0x0000027533577000 5763 %     1       java.util.Properties$LineReader::readLine @ 293 (584 bytes)
Event: 19.920 Thread 0x0000027533577000 nmethod 5763% 0x000002751dced290 code [0x000002751dced520, 0x000002751dceecb8]
Event: 19.928 Thread 0x0000027533577000 5765       1       java.nio.StringCharBuffer::get (19 bytes)
Event: 19.929 Thread 0x0000027533577000 nmethod 5765 0x000002751dcefb90 code [0x000002751dcefd40, 0x000002751dcefeb8]
Event: 19.929 Thread 0x0000027533577000 5766       1       org.apache.tomcat.util.buf.AbstractChunk::getLength (10 bytes)
Event: 19.929 Thread 0x0000027533577000 nmethod 5766 0x000002751dceff90 code [0x000002751dcf0120, 0x000002751dcf01d8]
Event: 19.931 Thread 0x0000027533577000 5767       1       java.util.IdentityHashMap::init (11 bytes)
Event: 19.931 Thread 0x0000027533577000 nmethod 5767 0x000002751dcf0290 code [0x000002751dcf0420, 0x000002751dcf05b8]
Event: 19.931 Thread 0x0000027533577000 5768       1       org.springframework.context.event.GenericApplicationListenerAdapter::resolveDeclaredEventType (57 bytes)
Event: 19.932 Thread 0x0000027533577000 nmethod 5768 0x000002751dcf0690 code [0x000002751dcf0860, 0x000002751dcf0b48]
Event: 20.836 Thread 0x0000027533577000 5769       1       java.lang.invoke.VarForm::getMemberName (21 bytes)
Event: 20.837 Thread 0x0000027533577000 nmethod 5769 0x000002751dcf0d10 code [0x000002751dcf0ec0, 0x000002751dcf1028]
Event: 24.836 Thread 0x0000027533577000 5770       1       java.lang.Thread::isInterrupted (5 bytes)
Event: 24.836 Thread 0x0000027533577000 nmethod 5770 0x000002751dcf1110 code [0x000002751dcf12a0, 0x000002751dcf1358]
Event: 26.836 Thread 0x0000027533577000 5771       1       java.util.concurrent.ThreadPoolExecutor::runStateAtLeast (11 bytes)
Event: 26.836 Thread 0x0000027533577000 nmethod 5771 0x000002751dcf1410 code [0x000002751dcf15a0, 0x000002751dcf1658]
Event: 31.009 Thread 0x0000027533577000 5772       1       sun.rmi.runtime.Log$LoggerLog::isLoggable (9 bytes)
Event: 31.010 Thread 0x0000027533577000 nmethod 5772 0x000002751dcf1710 code [0x000002751dcf18a0, 0x000002751dcf1998]

GC Heap History (20 events):
Event: 3.098 GC heap before
{Heap before GC invocations=16 (full 0):
 garbage-first heap   total 68608K, used 53164K [0x0000000081600000, 0x0000000100000000)
  region size 1024K, 40 young (40960K), 4 survivors (4096K)
 Metaspace       used 36474K, capacity 37516K, committed 37632K, reserved 1081344K
  class space    used 4404K, capacity 4818K, committed 4864K, reserved 1048576K
}
Event: 3.103 GC heap after
{Heap after GC invocations=17 (full 0):
 garbage-first heap   total 68608K, used 17745K [0x0000000081600000, 0x0000000100000000)
  region size 1024K, 4 young (4096K), 4 survivors (4096K)
 Metaspace       used 36474K, capacity 37516K, committed 37632K, reserved 1081344K
  class space    used 4404K, capacity 4818K, committed 4864K, reserved 1048576K
}
Event: 3.223 GC heap before
{Heap before GC invocations=17 (full 0):
 garbage-first heap   total 68608K, used 53585K [0x0000000081600000, 0x0000000100000000)
  region size 1024K, 40 young (40960K), 4 survivors (4096K)
 Metaspace       used 38761K, capacity 39840K, committed 39936K, reserved 1083392K
  class space    used 4694K, capacity 5120K, committed 5120K, reserved 1048576K
}
Event: 3.228 GC heap after
{Heap after GC invocations=18 (full 0):
 garbage-first heap   total 68608K, used 18921K [0x0000000081600000, 0x0000000100000000)
  region size 1024K, 3 young (3072K), 3 survivors (3072K)
 Metaspace       used 38761K, capacity 39840K, committed 39936K, reserved 1083392K
  class space    used 4694K, capacity 5120K, committed 5120K, reserved 1048576K
}
Event: 3.360 GC heap before
{Heap before GC invocations=18 (full 0):
 garbage-first heap   total 68608K, used 55785K [0x0000000081600000, 0x0000000100000000)
  region size 1024K, 39 young (39936K), 3 survivors (3072K)
 Metaspace       used 41126K, capacity 42330K, committed 42496K, reserved 1085440K
  class space    used 5142K, capacity 5586K, committed 5632K, reserved 1048576K
}
Event: 3.365 GC heap after
{Heap after GC invocations=19 (full 0):
 garbage-first heap   total 93184K, used 19998K [0x0000000081600000, 0x0000000100000000)
  region size 1024K, 3 young (3072K), 3 survivors (3072K)
 Metaspace       used 41126K, capacity 42330K, committed 42496K, reserved 1085440K
  class space    used 5142K, capacity 5586K, committed 5632K, reserved 1048576K
}
Event: 3.732 GC heap before
{Heap before GC invocations=19 (full 0):
 garbage-first heap   total 93184K, used 72222K [0x0000000081600000, 0x0000000100000000)
  region size 1024K, 54 young (55296K), 3 survivors (3072K)
 Metaspace       used 47171K, capacity 48433K, committed 48640K, reserved 1091584K
  class space    used 5865K, capacity 6313K, committed 6400K, reserved 1048576K
}
Event: 3.737 GC heap after
{Heap after GC invocations=20 (full 0):
 garbage-first heap   total 93184K, used 23426K [0x0000000081600000, 0x0000000100000000)
  region size 1024K, 6 young (6144K), 6 survivors (6144K)
 Metaspace       used 47171K, capacity 48433K, committed 48640K, reserved 1091584K
  class space    used 5865K, capacity 6313K, committed 6400K, reserved 1048576K
}
Event: 3.921 GC heap before
{Heap before GC invocations=20 (full 0):
 garbage-first heap   total 93184K, used 71554K [0x0000000081600000, 0x0000000100000000)
  region size 1024K, 54 young (55296K), 6 survivors (6144K)
 Metaspace       used 49728K, capacity 50916K, committed 51200K, reserved 1093632K
  class space    used 6166K, capacity 6607K, committed 6656K, reserved 1048576K
}
Event: 3.928 GC heap after
{Heap after GC invocations=21 (full 0):
 garbage-first heap   total 93184K, used 25833K [0x0000000081600000, 0x0000000100000000)
  region size 1024K, 6 young (6144K), 6 survivors (6144K)
 Metaspace       used 49728K, capacity 50916K, committed 51200K, reserved 1093632K
  class space    used 6166K, capacity 6607K, committed 6656K, reserved 1048576K
}
Event: 4.125 GC heap before
{Heap before GC invocations=21 (full 0):
 garbage-first heap   total 93184K, used 73961K [0x0000000081600000, 0x0000000100000000)
  region size 1024K, 54 young (55296K), 6 survivors (6144K)
 Metaspace       used 52816K, capacity 54105K, committed 54272K, reserved 1095680K
  class space    used 6648K, capacity 7108K, committed 7168K, reserved 1048576K
}
Event: 4.129 GC heap after
{Heap after GC invocations=22 (full 0):
 garbage-first heap   total 93184K, used 27454K [0x0000000081600000, 0x0000000100000000)
  region size 1024K, 5 young (5120K), 5 survivors (5120K)
 Metaspace       used 52816K, capacity 54105K, committed 54272K, reserved 1095680K
  class space    used 6648K, capacity 7108K, committed 7168K, reserved 1048576K
}
Event: 4.769 GC heap before
{Heap before GC invocations=22 (full 0):
 garbage-first heap   total 93184K, used 73534K [0x0000000081600000, 0x0000000100000000)
  region size 1024K, 50 young (51200K), 5 survivors (5120K)
 Metaspace       used 56783K, capacity 58120K, committed 58240K, reserved 1099776K
  class space    used 7220K, capacity 7724K, committed 7808K, reserved 1048576K
}
Event: 4.773 GC heap after
{Heap after GC invocations=23 (full 0):
 garbage-first heap   total 114688K, used 28763K [0x0000000081600000, 0x0000000100000000)
  region size 1024K, 3 young (3072K), 3 survivors (3072K)
 Metaspace       used 56783K, capacity 58120K, committed 58240K, reserved 1099776K
  class space    used 7220K, capacity 7724K, committed 7808K, reserved 1048576K
}
Event: 5.115 GC heap before
{Heap before GC invocations=23 (full 0):
 garbage-first heap   total 114688K, used 80987K [0x0000000081600000, 0x0000000100000000)
  region size 1024K, 55 young (56320K), 3 survivors (3072K)
 Metaspace       used 58542K, capacity 60038K, committed 60160K, reserved 1101824K
  class space    used 7497K, capacity 8042K, committed 8064K, reserved 1048576K
}
Event: 5.122 GC heap after
{Heap after GC invocations=24 (full 0):
 garbage-first heap   total 114688K, used 32149K [0x0000000081600000, 0x0000000100000000)
  region size 1024K, 7 young (7168K), 7 survivors (7168K)
 Metaspace       used 58542K, capacity 60038K, committed 60160K, reserved 1101824K
  class space    used 7497K, capacity 8042K, committed 8064K, reserved 1048576K
}
Event: 5.472 GC heap before
{Heap before GC invocations=25 (full 0):
 garbage-first heap   total 114688K, used 89493K [0x0000000081600000, 0x0000000100000000)
  region size 1024K, 63 young (64512K), 7 survivors (7168K)
 Metaspace       used 59910K, capacity 61479K, committed 61568K, reserved 1101824K
  class space    used 7729K, capacity 8305K, committed 8320K, reserved 1048576K
}
Event: 5.479 GC heap after
{Heap after GC invocations=26 (full 0):
 garbage-first heap   total 114688K, used 34599K [0x0000000081600000, 0x0000000100000000)
  region size 1024K, 6 young (6144K), 6 survivors (6144K)
 Metaspace       used 59910K, capacity 61479K, committed 61568K, reserved 1101824K
  class space    used 7729K, capacity 8305K, committed 8320K, reserved 1048576K
}
Event: 19.863 GC heap before
{Heap before GC invocations=26 (full 0):
 garbage-first heap   total 114688K, used 91943K [0x0000000081600000, 0x0000000100000000)
  region size 1024K, 62 young (63488K), 6 survivors (6144K)
 Metaspace       used 63156K, capacity 64891K, committed 65152K, reserved 1105920K
  class space    used 8157K, capacity 8797K, committed 8832K, reserved 1048576K
}
Event: 19.871 GC heap after
{Heap after GC invocations=27 (full 0):
 garbage-first heap   total 114688K, used 35430K [0x0000000081600000, 0x0000000100000000)
  region size 1024K, 4 young (4096K), 4 survivors (4096K)
 Metaspace       used 63156K, capacity 64891K, committed 65152K, reserved 1105920K
  class space    used 8157K, capacity 8797K, committed 8832K, reserved 1048576K
}

Deoptimization events (20 events):
Event: 19.889 Thread 0x0000027536511800 DEOPT PACKING pc=0x000002751d4944d4 sp=0x000000fea92faa60
Event: 19.889 Thread 0x0000027536511800 DEOPT UNPACKING pc=0x000002751ccc964e sp=0x000000fea92f9f50 mode 1
Event: 19.889 Thread 0x0000027536511800 DEOPT PACKING pc=0x000002751d551854 sp=0x000000fea92f9ec0
Event: 19.889 Thread 0x0000027536511800 DEOPT UNPACKING pc=0x000002751ccc964e sp=0x000000fea92f9358 mode 1
Event: 19.889 Thread 0x0000027536511800 DEOPT PACKING pc=0x000002751d50c27c sp=0x000000fea92f9f90
Event: 19.889 Thread 0x0000027536511800 DEOPT UNPACKING pc=0x000002751ccc964e sp=0x000000fea92f9448 mode 1
Event: 19.889 Thread 0x0000027536511800 DEOPT PACKING pc=0x000002751d4944d4 sp=0x000000fea92faa60
Event: 19.889 Thread 0x0000027536511800 DEOPT UNPACKING pc=0x000002751ccc964e sp=0x000000fea92f9f50 mode 1
Event: 19.918 Thread 0x0000027536511800 DEOPT PACKING pc=0x000002751d551854 sp=0x000000fea92fc2e0
Event: 19.918 Thread 0x0000027536511800 DEOPT UNPACKING pc=0x000002751ccc964e sp=0x000000fea92fb778 mode 1
Event: 19.918 Thread 0x0000027536511800 DEOPT PACKING pc=0x000002751d50c27c sp=0x000000fea92fc3b0
Event: 19.918 Thread 0x0000027536511800 DEOPT UNPACKING pc=0x000002751ccc964e sp=0x000000fea92fb868 mode 1
Event: 19.919 Thread 0x0000027536511800 DEOPT PACKING pc=0x000002751d551854 sp=0x000000fea92fc3a0
Event: 19.919 Thread 0x0000027536511800 DEOPT UNPACKING pc=0x000002751ccc964e sp=0x000000fea92fb838 mode 1
Event: 19.919 Thread 0x0000027536511800 DEOPT PACKING pc=0x000002751d50c27c sp=0x000000fea92fc470
Event: 19.919 Thread 0x0000027536511800 DEOPT UNPACKING pc=0x000002751ccc964e sp=0x000000fea92fb928 mode 1
Event: 19.919 Thread 0x0000027536511800 DEOPT PACKING pc=0x000002751d551854 sp=0x000000fea92fc470
Event: 19.919 Thread 0x0000027536511800 DEOPT UNPACKING pc=0x000002751ccc964e sp=0x000000fea92fb908 mode 1
Event: 19.919 Thread 0x0000027536511800 DEOPT PACKING pc=0x000002751d50c27c sp=0x000000fea92fc540
Event: 19.919 Thread 0x0000027536511800 DEOPT UNPACKING pc=0x000002751ccc964e sp=0x000000fea92fb9f8 mode 1

Classes unloaded (0 events):
No events

Classes redefined (0 events):
No events

Internal exceptions (20 events):
Event: 5.613 Thread 0x0000027518ff9800 Exception <a 'java/lang/ClassNotFoundException'{0x00000000872ef430}: org/springframework/boot/autoconfigure/web/embedded/EmbeddedWebServerFactoryCustomizerAutoConfigurationCustomizer> (0x00000000872ef430) 
thrown [./open/src/hotspot/share/classfile/systemDictionary.cpp, line 226]
Event: 5.614 Thread 0x0000027518ff9800 Exception <a 'java/lang/ClassNotFoundException'{0x000000008710cd38}: java/lang/ObjectCustomizer> (0x000000008710cd38) 
thrown [./open/src/hotspot/share/classfile/systemDictionary.cpp, line 226]
Event: 5.615 Thread 0x0000027518ff9800 Exception <a 'java/lang/ClassNotFoundException'{0x0000000087127610}: org/springframework/web/multipart/support/StandardServletMultipartResolverCustomizer> (0x0000000087127610) 
thrown [./open/src/hotspot/share/classfile/systemDictionary.cpp, line 226]
Event: 5.615 Thread 0x0000027518ff9800 Exception <a 'java/lang/ClassNotFoundException'{0x000000008713f730}: org/springframework/web/multipart/MultipartResolverCustomizer> (0x000000008713f730) 
thrown [./open/src/hotspot/share/classfile/systemDictionary.cpp, line 226]
Event: 5.686 Thread 0x0000027518ff9800 Exception <a 'java/lang/IncompatibleClassChangeError'{0x0000000086b05508}: Found class java.lang.Object, but interface was expected> (0x0000000086b05508) 
thrown [./open/src/hotspot/share/interpreter/linkResolver.cpp, line 832]
Event: 5.771 Thread 0x0000027518ff9800 Exception <a 'java/lang/NoSuchMethodError'{0x00000000865da728}: 'java.lang.Object java.lang.invoke.DirectMethodHandle$Holder.invokeStatic(java.lang.Object, int, java.lang.Object, java.lang.Object)'> (0x00000000865da728) 
thrown [./open/src/hotspot/share/interpreter/linkResolver.cpp, line 766]
Event: 19.786 Thread 0x0000027536511800 Exception <a 'java/lang/ClassNotFoundException'{0x00000000858d4ef8}: java/lang/ObjectCustomizer> (0x00000000858d4ef8) 
thrown [./open/src/hotspot/share/classfile/systemDictionary.cpp, line 226]
Event: 19.787 Thread 0x0000027536511800 Exception <a 'java/lang/ClassNotFoundException'{0x00000000858f0118}: org/springframework/web/servlet/i18n/AcceptHeaderLocaleResolverCustomizer> (0x00000000858f0118) 
thrown [./open/src/hotspot/share/classfile/systemDictionary.cpp, line 226]
Event: 19.789 Thread 0x0000027536511800 Exception <a 'java/lang/ClassNotFoundException'{0x000000008570c418}: org/springframework/web/servlet/LocaleResolverCustomizer> (0x000000008570c418) 
thrown [./open/src/hotspot/share/classfile/systemDictionary.cpp, line 226]
Event: 19.791 Thread 0x0000027536511800 Exception <a 'java/lang/ClassNotFoundException'{0x000000008572f358}: java/lang/ObjectCustomizer> (0x000000008572f358) 
thrown [./open/src/hotspot/share/classfile/systemDictionary.cpp, line 226]
Event: 19.792 Thread 0x0000027536511800 Exception <a 'java/lang/ClassNotFoundException'{0x0000000085749358}: org/springframework/web/servlet/theme/AbstractThemeResolverCustomizer> (0x0000000085749358) 
thrown [./open/src/hotspot/share/classfile/systemDictionary.cpp, line 226]
Event: 19.794 Thread 0x0000027536511800 Exception <a 'java/lang/ClassNotFoundException'{0x0000000085761c68}: org/springframework/web/servlet/theme/FixedThemeResolverCustomizer> (0x0000000085761c68) 
thrown [./open/src/hotspot/share/classfile/systemDictionary.cpp, line 226]
Event: 19.795 Thread 0x0000027536511800 Exception <a 'java/lang/ClassNotFoundException'{0x0000000085779448}: org/springframework/web/servlet/ThemeResolverCustomizer> (0x0000000085779448) 
thrown [./open/src/hotspot/share/classfile/systemDictionary.cpp, line 226]
Event: 19.797 Thread 0x0000027536511800 Exception <a 'java/lang/ClassNotFoundException'{0x000000008579ce38}: java/lang/ObjectCustomizer> (0x000000008579ce38) 
thrown [./open/src/hotspot/share/classfile/systemDictionary.cpp, line 226]
Event: 19.799 Thread 0x0000027536511800 Exception <a 'java/lang/ClassNotFoundException'{0x00000000857b8740}: org/springframework/web/servlet/view/DefaultRequestToViewNameTranslatorCustomizer> (0x00000000857b8740) 
thrown [./open/src/hotspot/share/classfile/systemDictionary.cpp, line 226]
Event: 19.800 Thread 0x0000027536511800 Exception <a 'java/lang/ClassNotFoundException'{0x00000000857debf0}: org/springframework/web/servlet/RequestToViewNameTranslatorCustomizer> (0x00000000857debf0) 
thrown [./open/src/hotspot/share/classfile/systemDictionary.cpp, line 226]
Event: 19.803 Thread 0x0000027536511800 Exception <a 'java/lang/ClassNotFoundException'{0x000000008563cfb0}: java/lang/ObjectCustomizer> (0x000000008563cfb0) 
thrown [./open/src/hotspot/share/classfile/systemDictionary.cpp, line 226]
Event: 19.805 Thread 0x0000027536511800 Exception <a 'java/lang/ClassNotFoundException'{0x0000000085657750}: org/springframework/web/servlet/support/AbstractFlashMapManagerCustomizer> (0x0000000085657750) 
thrown [./open/src/hotspot/share/classfile/systemDictionary.cpp, line 226]
Event: 19.806 Thread 0x0000027536511800 Exception <a 'java/lang/ClassNotFoundException'{0x0000000085673380}: org/springframework/web/servlet/support/SessionFlashMapManagerCustomizer> (0x0000000085673380) 
thrown [./open/src/hotspot/share/classfile/systemDictionary.cpp, line 226]
Event: 19.807 Thread 0x0000027536511800 Exception <a 'java/lang/ClassNotFoundException'{0x000000008568a310}: org/springframework/web/servlet/FlashMapManagerCustomizer> (0x000000008568a310) 
thrown [./open/src/hotspot/share/classfile/systemDictionary.cpp, line 226]

Events (20 events):
Event: 19.893 Executing VM operation: HandshakeOneThread done
Event: 19.893 Executing VM operation: HandshakeOneThread
Event: 19.893 Executing VM operation: HandshakeOneThread done
Event: 19.893 Executing VM operation: HandshakeOneThread
Event: 19.893 Executing VM operation: HandshakeOneThread done
Event: 19.893 Executing VM operation: HandshakeOneThread
Event: 19.893 Executing VM operation: HandshakeOneThread done
Event: 19.909 Executing VM operation: HandshakeAllThreads
Event: 19.909 Executing VM operation: HandshakeAllThreads done
Event: 19.914 loading class java/util/stream/LongStream
Event: 19.915 loading class java/util/stream/LongStream done
Event: 19.915 loading class java/util/stream/DoubleStream
Event: 19.915 loading class java/util/stream/DoubleStream done
Event: 19.920 loading class java/util/concurrent/atomic/AtomicReferenceArray
Event: 19.921 loading class java/util/concurrent/atomic/AtomicReferenceArray done
Event: 19.928 loading class java/nio/StringCharBuffer
Event: 19.928 loading class java/nio/StringCharBuffer done
Event: 19.930 Executing VM operation: HandshakeOneThread
Event: 19.930 Executing VM operation: HandshakeOneThread done
Event: 31.695 Executing VM operation: RedefineClasses


Dynamic libraries:
0x00007ff79d5a0000 - 0x00007ff79d5ad000 	C:\Users\vunguyena1\.p2\pool\plugins\org.eclipse.justj.openjdk.hotspot.jre.full.win32.x86_64_14.0.2.v20200815-0932\jre\bin\javaw.exe
0x0000027516940000 - 0x0000027516b30000 	C:\windows\SYSTEM32\ntd1l.dll
0x0000027516b40000 - 0x0000027516bf2000 	C:\windows\System32\kern3l32.dll
0x00007fff41a00000 - 0x00007fff41bf0000 	C:\windows\SYSTEM32\ntdll.dll
0x00007fff40460000 - 0x00007fff40512000 	C:\windows\System32\KERNEL32.DLL
0x00007fff3e990000 - 0x00007fff3ec35000 	C:\windows\System32\KERNELBASE.dll
0x00007fff3e510000 - 0x00007fff3e6a9000 	C:\Program Files\SentinelOne\Sentinel Agent 4.2.5.168\InProcessClient64.dll
0x00007fff40db0000 - 0x00007fff40e53000 	C:\windows\System32\ADVAPI32.dll
0x00007fff417c0000 - 0x00007fff4185e000 	C:\windows\System32\msvcrt.dll
0x00007fff403a0000 - 0x00007fff40437000 	C:\windows\System32\sechost.dll
0x00007fff40b80000 - 0x00007fff40ca0000 	C:\windows\System32\RPCRT4.dll
0x00007fff3ec40000 - 0x00007fff3ed3a000 	C:\windows\System32\ucrtbase.dll
0x00007fff37f40000 - 0x00007fff37f58000 	C:\Users\vunguyena1\.p2\pool\plugins\org.eclipse.justj.openjdk.hotspot.jre.full.win32.x86_64_14.0.2.v20200815-0932\jre\bin\jli.dll
0x00007fff31e90000 - 0x00007fff31ea5000 	C:\Users\vunguyena1\.p2\pool\plugins\org.eclipse.justj.openjdk.hotspot.jre.full.win32.x86_64_14.0.2.v20200815-0932\jre\bin\VCRUNTIME140.dll
0x00007fff40200000 - 0x00007fff40394000 	C:\windows\System32\USER32.dll
0x00007fff3ee20000 - 0x00007fff3ee41000 	C:\windows\System32\win32u.dll
0x00007fff31870000 - 0x00007fff31af4000 	C:\windows\WinSxS\amd64_microsoft.windows.common-controls_6595b64144ccf1df_6.0.18362.1139_none_9e7bf2d3e4605ac6\COMCTL32.dll
0x00007fff3fc40000 - 0x00007fff3fc66000 	C:\windows\System32\GDI32.dll
0x00007fff3fc80000 - 0x00007fff3ffb5000 	C:\windows\System32\combase.dll
0x00007fff3f7d0000 - 0x00007fff3f966000 	C:\windows\System32\gdi32full.dll
0x00007fff3f990000 - 0x00007fff3fa2e000 	C:\windows\System32\msvcp_win.dll
0x00007fff3fa30000 - 0x00007fff3fab0000 	C:\windows\System32\bcryptPrimitives.dll
0x00007fff40e60000 - 0x00007fff40e8e000 	C:\windows\System32\IMM32.DLL
0x00007fff3e500000 - 0x00007fff3e50a000 	C:\windows\SYSTEM32\VERSION.dll
0x00007fff249c0000 - 0x00007fff24a5b000 	C:\Users\vunguyena1\.p2\pool\plugins\org.eclipse.justj.openjdk.hotspot.jre.full.win32.x86_64_14.0.2.v20200815-0932\jre\bin\msvcp140.dll
0x00007ffef5c00000 - 0x00007ffef671e000 	C:\Users\vunguyena1\.p2\pool\plugins\org.eclipse.justj.openjdk.hotspot.jre.full.win32.x86_64_14.0.2.v20200815-0932\jre\bin\server\jvm.dll
0x00007fff41740000 - 0x00007fff41748000 	C:\windows\System32\PSAPI.DLL
0x00007fff1a970000 - 0x00007fff1a979000 	C:\windows\SYSTEM32\WSOCK32.dll
0x00007fff40f60000 - 0x00007fff40fcf000 	C:\windows\System32\WS2_32.dll
0x00007fff3c5a0000 - 0x00007fff3c5c4000 	C:\windows\SYSTEM32\WINMM.dll
0x00007fff3c570000 - 0x00007fff3c59d000 	C:\windows\SYSTEM32\WINMMBASE.dll
0x00007fff3eeb0000 - 0x00007fff3eefa000 	C:\windows\System32\cfgmgr32.dll
0x00007fff3e8d0000 - 0x00007fff3e8e1000 	C:\windows\System32\kernel.appcore.dll
0x00007fff14d30000 - 0x00007fff14d3a000 	C:\Users\vunguyena1\.p2\pool\plugins\org.eclipse.justj.openjdk.hotspot.jre.full.win32.x86_64_14.0.2.v20200815-0932\jre\bin\jimage.dll
0x00007fff291c0000 - 0x00007fff293b4000 	C:\windows\SYSTEM32\DBGHELP.DLL
0x00007fff29190000 - 0x00007fff291ba000 	C:\windows\SYSTEM32\dbgcore.DLL
0x00007fff31f60000 - 0x00007fff31f98000 	C:\Users\vunguyena1\.p2\pool\plugins\org.eclipse.justj.openjdk.hotspot.jre.full.win32.x86_64_14.0.2.v20200815-0932\jre\bin\jdwp.dll
0x00007ffef6e30000 - 0x00007ffef6e55000 	C:\Users\vunguyena1\.p2\pool\plugins\org.eclipse.justj.openjdk.hotspot.jre.full.win32.x86_64_14.0.2.v20200815-0932\jre\bin\java.dll
0x00007fff3ae50000 - 0x00007fff3ae5e000 	C:\Users\vunguyena1\.p2\pool\plugins\org.eclipse.justj.openjdk.hotspot.jre.full.win32.x86_64_14.0.2.v20200815-0932\jre\bin\instrument.dll
0x00007fff0d1b0000 - 0x00007fff0d1c6000 	C:\Users\vunguyena1\.p2\pool\plugins\org.eclipse.justj.openjdk.hotspot.jre.full.win32.x86_64_14.0.2.v20200815-0932\jre\bin\zip.dll
0x00007fff40fd0000 - 0x00007fff416b7000 	C:\windows\System32\SHELL32.dll
0x00007fff40d00000 - 0x00007fff40da9000 	C:\windows\System32\shcore.dll
0x00007fff3f050000 - 0x00007fff3f7d0000 	C:\windows\System32\windows.storage.dll
0x00007fff3e910000 - 0x00007fff3e933000 	C:\windows\System32\profapi.dll
0x00007fff3e940000 - 0x00007fff3e98a000 	C:\windows\System32\powrprof.dll
0x00007fff3e8c0000 - 0x00007fff3e8d0000 	C:\windows\System32\UMPDC.dll
0x00007fff3fab0000 - 0x00007fff3fb02000 	C:\windows\System32\shlwapi.dll
0x00007fff3f970000 - 0x00007fff3f987000 	C:\windows\System32\cryptsp.dll
0x00007fff32260000 - 0x00007fff3226b000 	C:\Users\vunguyena1\.p2\pool\plugins\org.eclipse.justj.openjdk.hotspot.jre.full.win32.x86_64_14.0.2.v20200815-0932\jre\bin\dt_socket.dll
0x00007fff3dc70000 - 0x00007fff3dcaa000 	C:\windows\SYSTEM32\IPHLPAPI.DLL
0x00007fff3df60000 - 0x00007fff3dfc7000 	C:\windows\system32\mswsock.dll
0x00007fff3dcc0000 - 0x00007fff3dd8b000 	C:\windows\SYSTEM32\DNSAPI.dll
0x00007fff401f0000 - 0x00007fff401f8000 	C:\windows\System32\NSI.dll
0x00007fff376b0000 - 0x00007fff376ba000 	C:\Windows\System32\rasadhlp.dll
0x00007fff39d70000 - 0x00007fff39de7000 	C:\windows\System32\fwpuclnt.dll
0x00007fff3ed40000 - 0x00007fff3ed66000 	C:\windows\System32\bcrypt.dll
0x00007ffef6e10000 - 0x00007ffef6e29000 	C:\Users\vunguyena1\.p2\pool\plugins\org.eclipse.justj.openjdk.hotspot.jre.full.win32.x86_64_14.0.2.v20200815-0932\jre\bin\net.dll
0x00007fff368a0000 - 0x00007fff36990000 	C:\windows\SYSTEM32\WINHTTP.dll
0x00007ffef6df0000 - 0x00007ffef6e02000 	C:\Users\vunguyena1\.p2\pool\plugins\org.eclipse.justj.openjdk.hotspot.jre.full.win32.x86_64_14.0.2.v20200815-0932\jre\bin\nio.dll
0x00007fff38db0000 - 0x00007fff38db9000 	C:\Users\vunguyena1\.p2\pool\plugins\org.eclipse.justj.openjdk.hotspot.jre.full.win32.x86_64_14.0.2.v20200815-0932\jre\bin\management.dll
0x00007fff35020000 - 0x00007fff3502b000 	C:\Users\vunguyena1\.p2\pool\plugins\org.eclipse.justj.openjdk.hotspot.jre.full.win32.x86_64_14.0.2.v20200815-0932\jre\bin\management_ext.dll
0x00007fff28be0000 - 0x00007fff28bf6000 	C:\windows\system32\napinsp.dll
0x00007fff28bc0000 - 0x00007fff28bda000 	C:\windows\system32\pnrpnsp.dll
0x00007fff28bb0000 - 0x00007fff28bbe000 	C:\windows\System32\winrnr.dll
0x00007fff3acf0000 - 0x00007fff3ad0c000 	C:\windows\system32\NLAapi.dll
0x00007fff28c00000 - 0x00007fff28c15000 	C:\windows\system32\wshbth.dll
0x00007fff3d860000 - 0x00007fff3d893000 	C:\windows\system32\rsaenh.dll
0x00007fff3e7a0000 - 0x00007fff3e7c5000 	C:\windows\SYSTEM32\USERENV.dll
0x00007fff3e130000 - 0x00007fff3e13c000 	C:\windows\SYSTEM32\CRYPTBASE.dll
0x00007fff38cc0000 - 0x00007fff38cd6000 	C:\windows\SYSTEM32\dhcpcsvc6.DLL
0x00007fff38ca0000 - 0x00007fff38cbc000 	C:\windows\SYSTEM32\dhcpcsvc.DLL
0x00007fff31b10000 - 0x00007fff31b1e000 	C:\Users\vunguyena1\.p2\pool\plugins\org.eclipse.justj.openjdk.hotspot.jre.full.win32.x86_64_14.0.2.v20200815-0932\jre\bin\sunmscapi.dll
0x00007fff3ef00000 - 0x00007fff3f049000 	C:\windows\System32\CRYPT32.dll
0x00007fff3e8f0000 - 0x00007fff3e902000 	C:\windows\System32\MSASN1.dll
0x00007fff3e230000 - 0x00007fff3e256000 	C:\windows\SYSTEM32\ncrypt.dll
0x00007fff3e1f0000 - 0x00007fff3e22b000 	C:\windows\SYSTEM32\NTASN1.dll
0x00007fff31bd0000 - 0x00007fff31bf5000 	C:\Users\vunguyena1\.p2\pool\plugins\org.eclipse.justj.openjdk.hotspot.jre.full.win32.x86_64_14.0.2.v20200815-0932\jre\bin\sunec.dll

dbghelp: loaded successfully - version: 4.0.5 - missing functions: none
symbol engine: initialized successfully - sym options: 0x614 - pdb path: .;C:\Users\vunguyena1\.p2\pool\plugins\org.eclipse.justj.openjdk.hotspot.jre.full.win32.x86_64_14.0.2.v20200815-0932\jre\bin;C:\windows\SYSTEM32;C:\Program Files\SentinelOne\Sentinel Agent 4.2.5.168;C:\windows\WinSxS\amd64_microsoft.windows.common-controls_6595b64144ccf1df_6.0.18362.1139_none_9e7bf2d3e4605ac6;C:\Users\vunguyena1\.p2\pool\plugins\org.eclipse.justj.openjdk.hotspot.jre.full.win32.x86_64_14.0.2.v20200815-0932\jre\bin\server

VM Arguments:
jvm_args: -XX:+ShowCodeDetailsInExceptionMessages -agentlib:jdwp=transport=dt_socket,suspend=y,address=localhost:54495 -Dcom.sun.management.jmxremote -Dcom.sun.management.jmxremote.port=54493 -Dcom.sun.management.jmxremote.authenticate=false -Dcom.sun.management.jmxremote.ssl=false -Djava.rmi.server.hostname=localhost -Dspring.jmx.enabled=true -Dspring.application.admin.enabled=true -Xverify:none -XX:TieredStopAtLevel=1 -Dspring.boot.project.name=Ice-Cream -javaagent:C:\Users\vunguyena1\eclipse\java-2020-09\eclipse\configuration\org.eclipse.osgi\215\0\.cp\lib\javaagent-shaded.jar -Dfile.encoding=UTF-8 
java_command: com.icecream.IceCream.IceCreamApplication
java_class_path (initial): C:\Users\vunguyena1\Documents\Project Java\Ice-Cream\target\classes;C:\Users\vunguyena1\.m2\repository\org\springframework\boot\spring-boot-starter-data-jpa\2.3.4.RELEASE\spring-boot-starter-data-jpa-2.3.4.RELEASE.jar;C:\Users\vunguyena1\.m2\repository\org\springframework\boot\spring-boot-starter-aop\2.3.4.RELEASE\spring-boot-starter-aop-2.3.4.RELEASE.jar;C:\Users\vunguyena1\.m2\repository\org\springframework\spring-aop\5.2.9.RELEASE\spring-aop-5.2.9.RELEASE.jar;C:\Users\vunguyena1\.m2\repository\org\aspectj\aspectjweaver\1.9.6\aspectjweaver-1.9.6.jar;C:\Users\vunguyena1\.m2\repository\jakarta\transaction\jakarta.transaction-api\1.3.3\jakarta.transaction-api-1.3.3.jar;C:\Users\vunguyena1\.m2\repository\jakarta\persistence\jakarta.persistence-api\2.2.3\jakarta.persistence-api-2.2.3.jar;C:\Users\vunguyena1\.m2\repository\org\hibernate\hibernate-core\5.4.21.Final\hibernate-core-5.4.21.Final.jar;C:\Users\vunguyena1\.m2\repository\org\jboss\logging\jboss-logging\3.4.1.Final\jboss-logging-3.4.1.Final.jar;C:\Users\vunguyena1\.m2\repository\org\javassist\javassist\3.24.0-GA\javassist-3.24.0-GA.jar;C:\Users\vunguyena1\.m2\repository\net\bytebuddy\byte-buddy\1.10.14\byte-buddy-1.10.14.jar;C:\Users\vunguyena1\.m2\repository\antlr\antlr\2.7.7\antlr-2.7.7.jar;C:\Users\vunguyena1\.m2\repository\org\jboss\jandex\2.1.3.Final\jandex-2.1.3.Final.jar;C:\Users\vunguyena1\.m2\repository\com\fasterxml\classmate\1.5.1\classmate-1.5.1.jar;C:\Users\vunguyena1\.m2\repository\org\dom4j\dom4j\2.1.3\dom4j-2.1.3.jar;C:\Users\vunguyena1\.m2\repository\org\hibernate\common\hibernate-commons-annotations\5.1.0.Final\hibernate-commons-annotations-5.1.0.Final.jar;C:\Users\vunguyena1\.m2\repository\org\glassfish\jaxb\jaxb-runtime\2.3.3\jaxb-runtime-2.3.3.jar;C:\Users\vunguyena1\.m2\repository\org\glassfish\jaxb\txw2\2.3.3\txw2-2.3.3.jar;C:\Users\vunguyena1\.m2\repository\com\sun\istack\istack-commons-runtime\3.0.11\istack-commons-runtime-3.0.11.jar;C:\Users\vunguyena1\.m2\r
Launcher Type: SUN_STANDARD

[Global flags]
     intx CICompilerCount                          = 3                                         {product} {ergonomic}
     uint ConcGCThreads                            = 1                                         {product} {ergonomic}
     uint G1ConcRefinementThreads                  = 4                                         {product} {ergonomic}
   size_t G1HeapRegionSize                         = 1048576                                   {product} {ergonomic}
    uintx GCDrainStackTargetSize                   = 64                                        {product} {ergonomic}
   size_t InitialHeapSize                          = 134217728                                 {product} {ergonomic}
     bool ManagementServer                         = true                                      {product} {command line}
   size_t MarkStackSize                            = 4194304                                   {product} {ergonomic}
   size_t MaxHeapSize                              = 2124414976                                {product} {ergonomic}
   size_t MaxNewSize                               = 1274019840                                {product} {ergonomic}
   size_t MinHeapDeltaBytes                        = 1048576                                   {product} {ergonomic}
   size_t MinHeapSize                              = 8388608                                   {product} {ergonomic}
    uintx NonNMethodCodeHeapSize                   = 6973028                                {pd product} {ergonomic}
    uintx NonProfiledCodeHeapSize                  = 244685212                              {pd product} {ergonomic}
    uintx ProfiledCodeHeapSize                     = 0                                      {pd product} {ergonomic}
    uintx ReservedCodeCacheSize                    = 251658240                              {pd product} {ergonomic}
     bool SegmentedCodeCache                       = true                                      {product} {ergonomic}
     bool ShowCodeDetailsInExceptionMessages       = true                                   {manageable} {command line}
   size_t SoftMaxHeapSize                          = 2124414976                             {manageable} {ergonomic}
     intx TieredStopAtLevel                        = 1                                         {product} {command line}
     bool UseCompressedClassPointers               = true                                 {lp64_product} {ergonomic}
     bool UseCompressedOops                        = true                                 {lp64_product} {ergonomic}
     bool UseG1GC                                  = true                                      {product} {ergonomic}
     bool UseLargePagesIndividualAllocation        = false                                  {pd product} {ergonomic}

Logging:
Log output configuration:
 #0: stdout all=warning uptime,level,tags
 #1: stderr all=off uptime,level,tags

Environment Variables:
PATH=C:\Users\vunguyena1\.p2\pool\plugins\org.eclipse.justj.openjdk.hotspot.jre.full.win32.x86_64_14.0.2.v20200815-0932\jre\bin;C:/Users/vunguyena1/.p2/pool/plugins/org.eclipse.justj.openjdk.hotspot.jre.full.win32.x86_64_14.0.2.v20200815-0932/jre/bin/server;C:/Users/vunguyena1/.p2/pool/plugins/org.eclipse.justj.openjdk.hotspot.jre.full.win32.x86_64_14.0.2.v20200815-0932/jre/bin;C:\Program Files (x86)\Common Files\Oracle\Java\javapath;C:\windows\system32;C:\windows;C:\windows\System32\Wbem;C:\windows\System32\WindowsPowerShell\v1.0\;C:\windows\System32\OpenSSH\;C:\Program Files (x86)\Microsoft SQL Server\100\Tools\Binn\;C:\Program Files\Microsoft SQL Server\100\Tools\Binn\;C:\Program Files\Microsoft SQL Server\100\DTS\Binn\;C:\Program Files (x86)\Microsoft SQL Server\100\Tools\Binn\VSShell\Common7\IDE\;C:\Program Files (x86)\Microsoft SQL Server\100\DTS\Binn\;C:\Program Files\nodejs\;%M2_HOME%\bin;C:\Program Files\MySQL\MySQL Shell 8.0\bin\;C:\Users\vunguyena1\AppData\Local\Microsoft\WindowsApps;C:\Users\vunguyena1\AppData\Local\Programs\Microsoft VS Code\bin;C:\Users\vunguyena1\AppData\Local\Programs\Git\cmd;C:\Users\vunguyena1\AppData\Roaming\npm;C:\windows\system32;
USERNAME=vunguyena1
OS=Windows_NT
PROCESSOR_IDENTIFIER=Intel64 Family 6 Model 60 Stepping 3, GenuineIntel



---------------  S Y S T E M  ---------------

OS: Windows 10 , 64 bit Build 18362 (10.0.18362.1110)
OS uptime: 0 days 6:16 hours

CPU:total 4 (initial active 4) (4 cores per cpu, 1 threads per core) family 6 model 60 stepping 3, cmov, cx8, fxsr, mmx, sse, sse2, sse3, ssse3, sse4.1, sse4.2, popcnt, avx, avx2, aes, clmul, erms, lzcnt, tsc, tscinvbit, bmi1, bmi2, fma

Memory: 4k page, system-wide physical 8096M (1805M free)
TotalPageFile size 11424M (AvailPageFile size 1520M)
current process WorkingSet (physical memory assigned to process): 263M, peak: 263M
current process commit charge ("private bytes"): 287M, peak: 287M

vm_info: OpenJDK 64-Bit Server VM (14.0.2+12-46) for windows-amd64 JRE (14.0.2+12-46), built on Jul  9 2020 00:31:16 by "mach5one" with MS VC++ 15.9 (VS2017)

END.
